<?xml version="1.0" encoding="UTF-8"?>
<!-- Generated by org.testng.reporters.JUnitReportReporter -->
<testsuite hostname="ip-172-31-227-20" failures="0" tests="3" name="tests.ProductTest" time="2.482" errors="0" timestamp="2022-01-02T04:19:42 UTC" skipped="0">
  <testcase classname="tests.ProductTest" name="verifyAddProduct" time="1.694"/>
  <system-out/>
  <testcase classname="tests.ProductTest" name="verifyGetRequest" time="0.336"/>
  <system-out/>
  <testcase classname="tests.ProductTest" name="verifyAddProductAsObjectPayLoad" time="0.452"/>
  <system-out/>
</testsuite> <!-- tests.ProductTest -->
